Arguments: 
  /Users/B3HR4D/.nvm/versions/node/v16.17.0/bin/node /opt/homebrew/bin/yarn add odemailer

PATH: 
  /Users/B3HR4D/.nvm/versions/node/v16.17.0/bin:/Users/B3HR4D/Library/pnpm:/opt/homebrew/bin:/opt/homebrew/sbin:/usr/local/bin:/usr/bin:/bin:/usr/sbin:/sbin:/Users/B3HR4D/.nvm/versions/node/v16.17.0/bin:/Users/B3HR4D/Library/pnpm:/opt/homebrew/bin:/opt/homebrew/sbin:/Users/B3HR4D/.cloud/Documents/Backup/config/git:/Users/B3HR4D/.yarn/bin:/Users/B3HR4D/.cloud/Documents/Backup/config/git

Yarn version: 
  1.22.19

Node version: 
  16.17.0

Platform: 
  darwin arm64

Trace: 
  Error: https://registry.yarnpkg.com/odemailer: Not found
      at Request.params.callback [as _callback] (/opt/homebrew/lib/node_modules/yarn/lib/cli.js:66145:18)
      at Request.self.callback (/opt/homebrew/lib/node_modules/yarn/lib/cli.js:140890:22)
      at Request.emit (node:events:513:28)
      at Request.<anonymous> (/opt/homebrew/lib/node_modules/yarn/lib/cli.js:141862:10)
      at Request.emit (node:events:513:28)
      at IncomingMessage.<anonymous> (/opt/homebrew/lib/node_modules/yarn/lib/cli.js:141784:12)
      at Object.onceWrapper (node:events:627:28)
      at IncomingMessage.emit (node:events:525:35)
      at endReadableNT (node:internal/streams/readable:1358:12)
      at processTicksAndRejections (node:internal/process/task_queues:83:21)

npm manifest: 
  {
    "name": "mail-sender",
    "version": "1.0.0",
    "main": "index.js",
    "license": "MIT"
  }

yarn manifest: 
  No manifest

Lockfile: 
  No lockfile
